app/manifest-merger-release-report.txt
-- Merging decision tree log ---
manifest
ADDED from AndroidManifest.xml:2:1
	package
		ADDED from AndroidManifest.xml:3:5
		INJECTED from AndroidManifest.xml:0:0
		INJECTED from AndroidManifest.xml:0:0
	android:versionName
		ADDED from AndroidManifest.xml:6:5
		INJECTED from AndroidManifest.xml:0:0
		INJECTED from AndroidManifest.xml:0:0
	android:versionCode
		ADDED from AndroidManifest.xml:5:5
		INJECTED from AndroidManifest.xml:0:0
		INJECTED from AndroidManifest.xml:0:0
	xmlns:android
		ADDED from AndroidManifest.xml:2:11
	android:installLocation
		ADDED from AndroidManifest.xml:4:5
uses-sdk
ADDED from AndroidManifest.xml:8:5
MERGED from com.github.navasmdc:MaterialDesign:1.4:7:5
MERGED from com.malinskiy:materialicons:1.0.1:8:5
MERGED from com.nhaarman.listviewanimations:lib-core:3.1.0:22:5
MERGED from com.github.johnpersano:supertoasts:1.3.4:3:5
MERGED from com.android.support:appcompat-v7:21.0.2:15:5
MERGED from com.android.support:support-v4:21.0.2:15:5
MERGED from com.android.support:support-v4:21.0.2:15:5
MERGED from de.cketti.library.changelog:ckchangelog:1.2.0:6:5
MERGED from timepill:umemgsdk:unspecified:7:5
	android:targetSdkVersion
		INJECTED from AndroidManifest.xml:0:0
		INJECTED from AndroidManifest.xml:0:0
	android:minSdkVersion
		ADDED from AndroidManifest.xml:8:15
		INJECTED from AndroidManifest.xml:0:0
		INJECTED from AndroidManifest.xml:0:0
application
ADDED from AndroidManifest.xml:10:5
MERGED from com.github.navasmdc:MaterialDesign:1.4:11:5
MERGED from com.malinskiy:materialicons:1.0.1:12:5
MERGED from com.nhaarman.listviewanimations:lib-core:3.1.0:26:5
MERGED from com.github.johnpersano:supertoasts:1.3.4:5:5
MERGED from com.android.support:appcompat-v7:21.0.2:16:5
MERGED from com.android.support:support-v4:21.0.2:16:5
MERGED from com.android.support:support-v4:21.0.2:16:5
MERGED from de.cketti.library.changelog:ckchangelog:1.2.0:10:5
MERGED from timepill:umemgsdk:unspecified:11:5
	android:label
		ADDED from AndroidManifest.xml:13:9
	android:icon
		ADDED from AndroidManifest.xml:11:9
	android:allowBackup
		ADDED from com.github.navasmdc:MaterialDesign:1.4:11:18
	android:theme
		ADDED from AndroidManifest.xml:14:9
	android:name
		ADDED from AndroidManifest.xml:12:9
activity#com.zncm.timepill.modules.ui.Main
ADDED from AndroidManifest.xml:15:9
	android:name
		ADDED from AndroidManifest.xml:15:19
intent-filter#android.intent.action.MAIN+android.intent.category.LAUNCHER
ADDED from AndroidManifest.xml:16:13
action#android.intent.action.MAIN
ADDED from AndroidManifest.xml:17:17
	android:name
		ADDED from AndroidManifest.xml:17:25
category#android.intent.category.LAUNCHER
ADDED from AndroidManifest.xml:19:17
	android:name
		ADDED from AndroidManifest.xml:19:27
activity#com.zncm.timepill.modules.ui.NoteDetailsAc
ADDED from AndroidManifest.xml:23:9
	android:name
		ADDED from AndroidManifest.xml:23:19
activity#com.zncm.timepill.modules.ui.NoteCommentAc
ADDED from AndroidManifest.xml:24:9
	android:windowSoftInputMode
		ADDED from AndroidManifest.xml:26:13
	android:name
		ADDED from AndroidManifest.xml:25:13
activity#com.zncm.timepill.modules.ui.ZoneAc
ADDED from AndroidManifest.xml:27:9
	android:name
		ADDED from AndroidManifest.xml:27:19
activity#com.zncm.timepill.modules.ui.PhotoShowAc
ADDED from AndroidManifest.xml:28:9
	android:name
		ADDED from AndroidManifest.xml:28:19
activity#com.zncm.timepill.modules.ui.LoginAc
ADDED from AndroidManifest.xml:29:9
	android:name
		ADDED from AndroidManifest.xml:29:19
activity#com.zncm.timepill.modules.ui.NoteAddAc
ADDED from AndroidManifest.xml:30:9
	android:windowSoftInputMode
		ADDED from AndroidManifest.xml:32:13
	android:name
		ADDED from AndroidManifest.xml:31:13
intent-filter#android.intent.action.SEND+android.intent.category.DEFAULT
ADDED from AndroidManifest.xml:33:13
action#android.intent.action.SEND
ADDED from AndroidManifest.xml:34:17
	android:name
		ADDED from AndroidManifest.xml:34:25
category#android.intent.category.DEFAULT
ADDED from AndroidManifest.xml:36:17
	android:name
		ADDED from AndroidManifest.xml:36:27
data
ADDED from AndroidManifest.xml:38:17
	android:mimeType
		ADDED from AndroidManifest.xml:38:23
activity#com.zncm.timepill.modules.ui.NoteBooksAc
ADDED from AndroidManifest.xml:41:9
	android:name
		ADDED from AndroidManifest.xml:41:19
activity#com.zncm.timepill.modules.ui.NoteBookAc
ADDED from AndroidManifest.xml:42:9
	android:name
		ADDED from AndroidManifest.xml:42:19
activity#com.zncm.timepill.modules.ui.NoteInBookAc
ADDED from AndroidManifest.xml:43:9
	android:name
		ADDED from AndroidManifest.xml:43:19
activity#com.zncm.timepill.modules.ui.UserAc
ADDED from AndroidManifest.xml:44:9
	android:name
		ADDED from AndroidManifest.xml:44:19
activity#com.zncm.timepill.modules.ui.MyAc
ADDED from AndroidManifest.xml:45:9
	android:name
		ADDED from AndroidManifest.xml:45:19
activity#com.zncm.timepill.modules.ui.RelationAc
ADDED from AndroidManifest.xml:46:9
	android:name
		ADDED from AndroidManifest.xml:46:19
activity#com.zncm.timepill.modules.ui.UserUpdateAc
ADDED from AndroidManifest.xml:47:9
	android:name
		ADDED from AndroidManifest.xml:47:19
activity#com.zncm.timepill.modules.ui.PwdActivity
ADDED from AndroidManifest.xml:48:9
	android:name
		ADDED from AndroidManifest.xml:48:19
activity#com.zncm.timepill.modules.ui.SettingAc
ADDED from AndroidManifest.xml:49:9
	android:name
		ADDED from AndroidManifest.xml:49:19
activity#com.zncm.timepill.modules.ui.TalkListAc
ADDED from AndroidManifest.xml:50:9
	android:name
		ADDED from AndroidManifest.xml:50:19
activity#com.zncm.timepill.modules.ui.DraftListAc
ADDED from AndroidManifest.xml:51:9
	android:name
		ADDED from AndroidManifest.xml:51:19
activity#com.zncm.timepill.modules.ui.AboutAc
ADDED from AndroidManifest.xml:52:9
	android:name
		ADDED from AndroidManifest.xml:52:19
activity#com.zncm.timepill.modules.ui.ThanksActivity
ADDED from AndroidManifest.xml:53:9
	android:name
		ADDED from AndroidManifest.xml:53:19
activity#com.zncm.timepill.modules.ui.TalkAc
ADDED from AndroidManifest.xml:54:9
	android:windowSoftInputMode
		ADDED from AndroidManifest.xml:56:13
	android:name
		ADDED from AndroidManifest.xml:55:13
activity#com.zncm.timepill.modules.ui.SplashAc
ADDED from AndroidManifest.xml:57:9
	android:name
		ADDED from AndroidManifest.xml:57:19
meta-data#UMENG_APPKEY
ADDED from AndroidManifest.xml:62:9
	android:value
		ADDED from AndroidManifest.xml:64:13
	android:name
		ADDED from AndroidManifest.xml:63:13
meta-data#UMENG_CHANNEL
ADDED from AndroidManifest.xml:65:9
	android:value
		ADDED from AndroidManifest.xml:67:13
	android:name
		ADDED from AndroidManifest.xml:66:13
service#com.umeng.update.net.DownloadingService
ADDED from AndroidManifest.xml:70:9
	android:process
		ADDED from AndroidManifest.xml:72:13
	android:name
		ADDED from AndroidManifest.xml:71:13
activity#com.umeng.update.UpdateDialogActivity
ADDED from AndroidManifest.xml:73:9
	android:theme
		ADDED from AndroidManifest.xml:75:13
	android:name
		ADDED from AndroidManifest.xml:74:13
activity#cn.jpush.android.ui.PushActivity
ADDED from AndroidManifest.xml:85:9
	android:configChanges
		ADDED from AndroidManifest.xml:88:13
	android:theme
		ADDED from AndroidManifest.xml:87:13
	android:name
		ADDED from AndroidManifest.xml:86:13
intent-filter#android.intent.category.DEFAULT+cn.jpush.android.ui.PushActivity+com.zncm.timepill
ADDED from AndroidManifest.xml:89:13
action#cn.jpush.android.ui.PushActivity
ADDED from AndroidManifest.xml:90:17
	android:name
		ADDED from AndroidManifest.xml:90:25
category#com.zncm.timepill
ADDED from AndroidManifest.xml:93:17
	android:name
		ADDED from AndroidManifest.xml:93:27
service#cn.jpush.android.service.DownloadService
ADDED from AndroidManifest.xml:97:9
	android:enabled
		ADDED from AndroidManifest.xml:99:13
	android:exported
		ADDED from AndroidManifest.xml:100:13
	android:name
		ADDED from AndroidManifest.xml:98:13
service#cn.jpush.android.service.PushService
ADDED from AndroidManifest.xml:104:9
	android:enabled
		ADDED from AndroidManifest.xml:106:13
	android:exported
		ADDED from AndroidManifest.xml:107:13
	android:name
		ADDED from AndroidManifest.xml:105:13
intent-filter#cn.jpush.android.intent.PUSH_TIME+cn.jpush.android.intent.PushService+cn.jpush.android.intent.REGISTER+cn.jpush.android.intent.REPORT
ADDED from AndroidManifest.xml:108:13
action#cn.jpush.android.intent.REGISTER
ADDED from AndroidManifest.xml:109:17
	android:name
		ADDED from AndroidManifest.xml:109:25
action#cn.jpush.android.intent.REPORT
ADDED from AndroidManifest.xml:110:17
	android:name
		ADDED from AndroidManifest.xml:110:25
action#cn.jpush.android.intent.PushService
ADDED from AndroidManifest.xml:111:17
	android:name
		ADDED from AndroidManifest.xml:111:25
action#cn.jpush.android.intent.PUSH_TIME
ADDED from AndroidManifest.xml:112:17
	android:name
		ADDED from AndroidManifest.xml:112:25
receiver#cn.jpush.android.service.PushReceiver
ADDED from AndroidManifest.xml:118:9
	android:enabled
		ADDED from AndroidManifest.xml:120:13
	android:name
		ADDED from AndroidManifest.xml:119:13
intent-filter#cn.jpush.android.intent.NOTIFICATION_RECEIVED_PROXY+com.zncm.timepill
ADDED from AndroidManifest.xml:121:13
	android:priority
		ADDED from AndroidManifest.xml:121:28
action#cn.jpush.android.intent.NOTIFICATION_RECEIVED_PROXY
ADDED from AndroidManifest.xml:122:17
	android:name
		ADDED from AndroidManifest.xml:122:25
intent-filter#android.intent.action.USER_PRESENT+android.net.conn.CONNECTIVITY_CHANGE
ADDED from AndroidManifest.xml:126:13
action#android.intent.action.USER_PRESENT
ADDED from AndroidManifest.xml:127:17
	android:name
		ADDED from AndroidManifest.xml:127:25
action#android.net.conn.CONNECTIVITY_CHANGE
ADDED from AndroidManifest.xml:128:17
	android:name
		ADDED from AndroidManifest.xml:128:25
intent-filter#android.intent.action.PACKAGE_ADDED+android.intent.action.PACKAGE_REMOVED
ADDED from AndroidManifest.xml:131:13
action#android.intent.action.PACKAGE_ADDED
ADDED from AndroidManifest.xml:132:17
	android:name
		ADDED from AndroidManifest.xml:132:25
action#android.intent.action.PACKAGE_REMOVED
ADDED from AndroidManifest.xml:133:17
	android:name
		ADDED from AndroidManifest.xml:133:25
receiver#cn.jpush.android.service.AlarmReceiver
ADDED from AndroidManifest.xml:141:9
	android:name
		ADDED from AndroidManifest.xml:141:19
receiver#com.zncm.timepill.modules.receiver.TpReceiver
ADDED from AndroidManifest.xml:144:9
	android:enabled
		ADDED from AndroidManifest.xml:146:13
	android:name
		ADDED from AndroidManifest.xml:145:13
intent-filter#cn.jpush.android.intent.MESSAGE_RECEIVED+cn.jpush.android.intent.NOTIFICATION_OPENED+cn.jpush.android.intent.NOTIFICATION_RECEIVED+cn.jpush.android.intent.REGISTRATION+cn.jpush.android.intent.UNREGISTRATION+com.zncm.timepill
ADDED from AndroidManifest.xml:147:13
action#cn.jpush.android.intent.REGISTRATION
ADDED from AndroidManifest.xml:148:17
	android:name
		ADDED from AndroidManifest.xml:148:25
action#cn.jpush.android.intent.UNREGISTRATION
ADDED from AndroidManifest.xml:150:17
	android:name
		ADDED from AndroidManifest.xml:150:25
action#cn.jpush.android.intent.MESSAGE_RECEIVED
ADDED from AndroidManifest.xml:151:17
	android:name
		ADDED from AndroidManifest.xml:151:25
action#cn.jpush.android.intent.NOTIFICATION_RECEIVED
ADDED from AndroidManifest.xml:153:17
	android:name
		ADDED from AndroidManifest.xml:153:25
action#cn.jpush.android.intent.NOTIFICATION_OPENED
ADDED from AndroidManifest.xml:155:17
	android:name
		ADDED from AndroidManifest.xml:155:25
meta-data#JPUSH_CHANNEL
ADDED from AndroidManifest.xml:163:9
	android:value
		ADDED from AndroidManifest.xml:165:13
	android:name
		ADDED from AndroidManifest.xml:164:13
meta-data#JPUSH_APPKEY
ADDED from AndroidManifest.xml:166:9
	android:value
		ADDED from AndroidManifest.xml:168:13
	android:name
		ADDED from AndroidManifest.xml:167:13
uses-permission#android.permission.INTERNET
ADDED from AndroidManifest.xml:175:5
	android:name
		ADDED from AndroidManifest.xml:175:22
uses-permission#android.permission.READ_PHONE_STATE
ADDED from AndroidManifest.xml:176:5
	android:name
		ADDED from AndroidManifest.xml:176:22
uses-permission#android.permission.ACCESS_WIFI_STATE
ADDED from AndroidManifest.xml:177:5
	android:name
		ADDED from AndroidManifest.xml:177:22
uses-permission#android.permission.WRITE_EXTERNAL_STORAGE
ADDED from AndroidManifest.xml:178:5
	android:name
		ADDED from AndroidManifest.xml:178:22
uses-permission#android.permission.ACCESS_NETWORK_STATE
ADDED from AndroidManifest.xml:179:5
	android:name
		ADDED from AndroidManifest.xml:179:22
permission#com.zncm.timepill.permission.JPUSH_MESSAGE
ADDED from AndroidManifest.xml:187:5
	android:protectionLevel
		ADDED from AndroidManifest.xml:189:9
	android:name
		ADDED from AndroidManifest.xml:188:9
uses-permission#com.zncm.timepill.permission.JPUSH_MESSAGE
ADDED from AndroidManifest.xml:192:5
	android:name
		ADDED from AndroidManifest.xml:192:22
uses-permission#android.permission.RECEIVE_USER_PRESENT
ADDED from AndroidManifest.xml:193:5
	android:name
		ADDED from AndroidManifest.xml:193:22
uses-permission#android.permission.WAKE_LOCK
ADDED from AndroidManifest.xml:195:5
	android:name
		ADDED from AndroidManifest.xml:195:22
uses-permission#android.permission.READ_EXTERNAL_STORAGE
ADDED from AndroidManifest.xml:198:5
	android:name
		ADDED from AndroidManifest.xml:198:22
uses-permission#android.permission.VIBRATE
ADDED from AndroidManifest.xml:199:5
	android:name
		ADDED from AndroidManifest.xml:199:22
uses-permission#android.permission.MOUNT_UNMOUNT_FILESYSTEMS
ADDED from AndroidManifest.xml:200:5
	android:name
		ADDED from AndroidManifest.xml:200:22
uses-permission#android.permission.SYSTEM_ALERT_WINDOW
ADDED from AndroidManifest.xml:202:5
	android:name
		ADDED from AndroidManifest.xml:202:22
uses-permission#android.permission.WRITE_SETTINGS
ADDED from AndroidManifest.xml:203:5
	android:name
		ADDED from AndroidManifest.xml:203:22
uses-permission#android.permission.ACCESS_COARSE_LOCATION
ADDED from AndroidManifest.xml:207:5
	android:name
		ADDED from AndroidManifest.xml:207:22
uses-permission#android.permission.CHANGE_WIFI_STATE
ADDED from AndroidManifest.xml:209:5
	android:name
		ADDED from AndroidManifest.xml:209:22
uses-permission#android.permission.ACCESS_FINE_LOCATION
ADDED from AndroidManifest.xml:210:5
	android:name
		ADDED from AndroidManifest.xml:210:22
uses-permission#android.permission.ACCESS_LOCATION_EXTRA_COMMANDS
ADDED from AndroidManifest.xml:211:5
	android:name
		ADDED from AndroidManifest.xml:211:22
uses-permission#android.permission.CHANGE_NETWORK_STATE
ADDED from AndroidManifest.xml:212:5
	android:name
		ADDED from AndroidManifest.xml:212:22